[debug] [2026-03-06T20:43:34.540Z] ----------------------------------------------------------------------
[debug] [2026-03-06T20:43:34.547Z] Command:       C:\Program Files\nodejs\node.exe C:\Users\heber\AppData\Roaming\npm\node_modules\firebase-tools\lib\bin\firebase.js deploy
[debug] [2026-03-06T20:43:34.548Z] CLI Version:   14.24.2
[debug] [2026-03-06T20:43:34.548Z] Platform:      win32
[debug] [2026-03-06T20:43:34.548Z] Node Version:  v22.16.0
[debug] [2026-03-06T20:43:34.549Z] Time:          Fri Mar 06 2026 17:43:34 GMT-0300 (Horário Padrão de Brasília)
[debug] [2026-03-06T20:43:34.550Z] ----------------------------------------------------------------------
[debug] 
[debug] [2026-03-06T20:43:34.556Z] >>> [apiv2][query] GET https://firebase-public.firebaseio.com/cli.json [none]
[debug] [2026-03-06T20:43:35.264Z] > command requires scopes: ["email","openid","https://www.googleapis.com/auth/cloudplatformprojects.readonly","https://www.googleapis.com/auth/firebase","https://www.googleapis.com/auth/cloud-platform"]
[debug] [2026-03-06T20:43:35.265Z] > authorizing via signed-in user (heber.vida@gmail.com)
[debug] [2026-03-06T20:43:35.265Z] [iam] checking project tenda-church-app for permissions ["datastore.indexes.create","datastore.indexes.delete","datastore.indexes.list","datastore.indexes.update","firebase.projects.get","firebasehosting.sites.update"]
[debug] [2026-03-06T20:43:35.266Z] Checked if tokens are valid: false, expires at: 1772738360153
[debug] [2026-03-06T20:43:35.266Z] Checked if tokens are valid: false, expires at: 1772738360153
[debug] [2026-03-06T20:43:35.267Z] > refreshing access token with scopes: []
[debug] [2026-03-06T20:43:35.270Z] >>> [apiv2][query] POST https://www.googleapis.com/oauth2/v3/token [none]
[debug] [2026-03-06T20:43:35.270Z] >>> [apiv2][body] POST https://www.googleapis.com/oauth2/v3/token [omitted]
[debug] [2026-03-06T20:43:35.555Z] <<< [apiv2][status] POST https://www.googleapis.com/oauth2/v3/token 200
[debug] [2026-03-06T20:43:35.556Z] <<< [apiv2][body] POST https://www.googleapis.com/oauth2/v3/token [omitted]
[debug] [2026-03-06T20:43:35.606Z] >>> [apiv2][query] POST https://cloudresourcemanager.googleapis.com/v1/projects/tenda-church-app:testIamPermissions [none]
[debug] [2026-03-06T20:43:35.607Z] >>> [apiv2][(partial)header] POST https://cloudresourcemanager.googleapis.com/v1/projects/tenda-church-app:testIamPermissions x-goog-quota-user=projects/tenda-church-app
[debug] [2026-03-06T20:43:35.607Z] >>> [apiv2][body] POST https://cloudresourcemanager.googleapis.com/v1/projects/tenda-church-app:testIamPermissions {"permissions":["datastore.indexes.create","datastore.indexes.delete","datastore.indexes.list","datastore.indexes.update","firebase.projects.get","firebasehosting.sites.update"]}
[debug] [2026-03-06T20:43:35.671Z] <<< [apiv2][status] GET https://firebase-public.firebaseio.com/cli.json 200
[debug] [2026-03-06T20:43:35.671Z] <<< [apiv2][body] GET https://firebase-public.firebaseio.com/cli.json {"cloudBuildErrorAfter":1594252800000,"cloudBuildWarnAfter":1590019200000,"defaultNode10After":1594252800000,"minVersion":"3.0.5","node8DeploysDisabledAfter":1613390400000,"node8RuntimeDisabledAfter":1615809600000,"node8WarnAfter":1600128000000}
